2024-09-07 00:39:20,635 - pteryx.cli - INFO - Namespace(outdir=PosixPath('outputs'), targets=['skesa'], threads=16, ilmn=['tests/fixtures/mesoplasma/mesoplasma_simulated.1.paired.fq.gz'], ont=[], canu_correct=False, size='5M', dry_run=False, batch=False, query=False, s3=False, force=False)
2024-09-07 00:39:20,636 - root - DEBUG - tests/fixtures/mesoplasma/mesoplasma_simulated.1.paired.fq.gz exists, copying it over to expected location
2024-09-07 00:39:20,682 - pteryx.cli - INFO - Namespace(outdir=PosixPath('outputs'), targets=['skesa'], threads=16, ilmn=['tests/fixtures/mesoplasma/mesoplasma_simulated.1.paired.fq.gz'], ont=[], canu_correct=False, size='5M', dry_run=False, batch=False, query=False, s3=False, force=False)
2024-09-07 00:39:41,000 - pteryx.cli - INFO - Namespace(outdir=PosixPath('outputs'), targets=['skesa'], threads=16, ilmn=['tests/fixtures/mesoplasma/mesoplasma_simulated.1.paired.fq.gz'], ont=[], canu_correct=False, size='5M', dry_run=False, batch=False, query=False, s3=False, force=False)
2024-09-07 00:39:41,001 - root - DEBUG - tests/fixtures/mesoplasma/mesoplasma_simulated.1.paired.fq.gz exists, copying it over to expected location
2024-09-07 00:39:41,235 - pteryx.cli - INFO - Namespace(outdir=PosixPath('outputs'), targets=['skesa'], threads=16, ilmn=['tests/fixtures/mesoplasma/mesoplasma_simulated.1.paired.fq.gz'], ont=[], canu_correct=False, size='5M', dry_run=False, batch=False, query=False, s3=False, force=False)
2024-09-07 00:48:02,478 - pteryx.cli - INFO - Namespace(outdir=PosixPath('outputs'), targets=['skesa'], threads=16, ilmn=['tests/fixtures/mesoplasma/mesoplasma_simulated.1.paired.fq.gz'], ont=[], canu_correct=False, size='5M', dry_run=True, batch=False, query=False, s3=False, force=False)
2024-09-07 00:48:02,479 - root - DEBUG - tests/fixtures/mesoplasma/mesoplasma_simulated.1.paired.fq.gz exists, copying it over to expected location
2024-09-07 00:48:02,708 - pteryx.cli - INFO - Namespace(outdir=PosixPath('outputs'), targets=['skesa'], threads=16, ilmn=['tests/fixtures/mesoplasma/mesoplasma_simulated.1.paired.fq.gz'], ont=[], canu_correct=False, size='5M', dry_run=True, batch=False, query=False, s3=False, force=False)
2024-09-07 00:49:03,834 - pteryx.cli - INFO - Namespace(outdir=PosixPath('outputs'), targets=['skesa'], threads=16, ilmn=['tests/fixtures/mesoplasma/mesoplasma_simulated.1.paired.fq.gz'], ont=[], canu_correct=False, size='5M', dry_run=True, batch=False, query=False, s3=False, force=False)
2024-09-07 00:49:03,835 - root - DEBUG - tests/fixtures/mesoplasma/mesoplasma_simulated.1.paired.fq.gz exists, copying it over to expected location
2024-09-07 00:49:04,080 - pteryx.cli - INFO - Namespace(outdir=PosixPath('outputs'), targets=['skesa'], threads=16, ilmn=['tests/fixtures/mesoplasma/mesoplasma_simulated.1.paired.fq.gz'], ont=[], canu_correct=False, size='5M', dry_run=True, batch=False, query=False, s3=False, force=False)
2024-09-07 00:49:04,083 - snakemake.logging - DEBUG - Full Traceback (most recent call last):
  File "/usr/src/pteryx/pteryx/run.py", line 387, in run_workflow
    snakefile=snakefile,
              ^^^^^^^^^
NameError: name 'snakefile' is not defined

2024-09-07 00:49:04,086 - snakemake.logging - ERROR - Traceback (most recent call last):

  File "/usr/src/pteryx/pteryx/run.py", line 387, in run_workflow
    snakefile=snakefile,
              ^^^^^^^^^

NameError: name 'snakefile' is not defined

2024-09-07 00:50:03,229 - pteryx.cli - INFO - Namespace(outdir=PosixPath('outputs'), targets=['skesa'], threads=16, ilmn=['tests/fixtures/mesoplasma/mesoplasma_simulated.1.paired.fq.gz'], ont=[], canu_correct=False, size='5M', dry_run=True, batch=False, query=False, s3=False, force=False)
2024-09-07 00:50:03,229 - root - DEBUG - tests/fixtures/mesoplasma/mesoplasma_simulated.1.paired.fq.gz exists, copying it over to expected location
2024-09-07 00:50:03,447 - pteryx.cli - INFO - Namespace(outdir=PosixPath('outputs'), targets=['skesa'], threads=16, ilmn=['tests/fixtures/mesoplasma/mesoplasma_simulated.1.paired.fq.gz'], ont=[], canu_correct=False, size='5M', dry_run=True, batch=False, query=False, s3=False, force=False)
2024-09-07 00:50:03,447 - snakemake.logging - DEBUG - Full Traceback (most recent call last):
  File "/usr/src/pteryx/pteryx/run.py", line 387, in run_workflow
    workflow = api.workflow(
               ^^^^^^^^^^^^^
TypeError: SnakemakeApi.workflow() missing 1 required positional argument: 'resource_settings'

2024-09-07 00:50:03,447 - snakemake.logging - ERROR - Traceback (most recent call last):

  File "/usr/src/pteryx/pteryx/run.py", line 387, in run_workflow
    workflow = api.workflow(
               ^^^^^^^^^^^^^

TypeError: SnakemakeApi.workflow() missing 1 required positional argument: 'resource_settings'

2024-09-07 00:51:06,482 - pteryx.cli - INFO - Namespace(outdir=PosixPath('outputs'), targets=['skesa'], threads=16, ilmn=['tests/fixtures/mesoplasma/mesoplasma_simulated.1.paired.fq.gz'], ont=[], canu_correct=False, size='5M', dry_run=True, batch=False, query=False, s3=False, force=False)
2024-09-07 00:51:06,482 - root - DEBUG - tests/fixtures/mesoplasma/mesoplasma_simulated.1.paired.fq.gz exists, copying it over to expected location
2024-09-07 00:51:06,724 - pteryx.cli - INFO - Namespace(outdir=PosixPath('outputs'), targets=['skesa'], threads=16, ilmn=['tests/fixtures/mesoplasma/mesoplasma_simulated.1.paired.fq.gz'], ont=[], canu_correct=False, size='5M', dry_run=True, batch=False, query=False, s3=False, force=False)
2024-09-07 00:51:07,118 - asyncio - DEBUG - Using selector: EpollSelector
2024-09-07 00:51:07,126 - asyncio - DEBUG - Using selector: EpollSelector
2024-09-07 00:51:10,713 - asyncio - DEBUG - Using selector: EpollSelector
2024-09-07 00:51:14,049 - asyncio - DEBUG - Using selector: EpollSelector
2024-09-07 00:51:17,806 - asyncio - DEBUG - Using selector: EpollSelector
2024-09-07 00:51:31,717 - pteryx.cli - INFO - Namespace(outdir=PosixPath('outputs'), targets=['skesa'], threads=16, ilmn=['tests/fixtures/mesoplasma/mesoplasma_simulated.1.paired.fq.gz'], ont=[], canu_correct=False, size='5M', dry_run=True, batch=False, query=False, s3=False, force=False)
2024-09-07 00:51:31,718 - root - DEBUG - tests/fixtures/mesoplasma/mesoplasma_simulated.1.paired.fq.gz exists, copying it over to expected location
2024-09-07 00:51:31,951 - pteryx.cli - INFO - Namespace(outdir=PosixPath('outputs'), targets=['skesa'], threads=16, ilmn=['tests/fixtures/mesoplasma/mesoplasma_simulated.1.paired.fq.gz'], ont=[], canu_correct=False, size='5M', dry_run=True, batch=False, query=False, s3=False, force=False)
2024-09-07 00:51:32,325 - asyncio - DEBUG - Using selector: EpollSelector
2024-09-07 00:51:32,333 - asyncio - DEBUG - Using selector: EpollSelector
2024-09-07 00:51:33,876 - asyncio - DEBUG - Using selector: EpollSelector
2024-09-07 00:51:53,584 - pteryx.cli - INFO - Namespace(outdir=PosixPath('outputs'), targets=['skesa'], threads=16, ilmn=['tests/fixtures/mesoplasma/mesoplasma_simulated.1.paired.fq.gz'], ont=[], canu_correct=False, size='5M', dry_run=True, batch=False, query=False, s3=False, force=False)
2024-09-07 00:51:53,584 - root - DEBUG - tests/fixtures/mesoplasma/mesoplasma_simulated.1.paired.fq.gz exists, copying it over to expected location
2024-09-07 00:51:53,815 - pteryx.cli - INFO - Namespace(outdir=PosixPath('outputs'), targets=['skesa'], threads=16, ilmn=['tests/fixtures/mesoplasma/mesoplasma_simulated.1.paired.fq.gz'], ont=[], canu_correct=False, size='5M', dry_run=True, batch=False, query=False, s3=False, force=False)
2024-09-07 00:51:54,185 - asyncio - DEBUG - Using selector: EpollSelector
2024-09-07 00:51:54,193 - asyncio - DEBUG - Using selector: EpollSelector
2024-09-07 00:51:56,145 - asyncio - DEBUG - Using selector: EpollSelector
2024-09-07 00:51:58,231 - asyncio - DEBUG - Using selector: EpollSelector
2024-09-07 00:52:09,819 - asyncio - DEBUG - Using selector: EpollSelector
2024-09-07 00:52:15,856 - asyncio - DEBUG - Using selector: EpollSelector
2024-09-07 00:52:39,171 - pteryx.cli - INFO - Namespace(outdir=PosixPath('outputs'), targets=['skesa'], threads=16, ilmn=['tests/fixtures/mesoplasma/mesoplasma_simulated.1.paired.fq.gz'], ont=[], canu_correct=False, size='5M', dry_run=True, batch=False, query=False, s3=False, force=False)
2024-09-07 00:52:39,171 - root - DEBUG - tests/fixtures/mesoplasma/mesoplasma_simulated.1.paired.fq.gz exists, copying it over to expected location
2024-09-07 00:52:39,383 - pteryx.cli - INFO - Namespace(outdir=PosixPath('outputs'), targets=['skesa'], threads=16, ilmn=['tests/fixtures/mesoplasma/mesoplasma_simulated.1.paired.fq.gz'], ont=[], canu_correct=False, size='5M', dry_run=True, batch=False, query=False, s3=False, force=False)
2024-09-07 00:52:39,803 - asyncio - DEBUG - Using selector: EpollSelector
2024-09-07 00:52:39,811 - asyncio - DEBUG - Using selector: EpollSelector
2024-09-07 00:52:41,825 - asyncio - DEBUG - Using selector: EpollSelector
2024-09-07 00:52:46,003 - asyncio - DEBUG - Using selector: EpollSelector
2024-09-07 00:52:47,423 - asyncio - DEBUG - Using selector: EpollSelector
2024-09-07 00:52:55,405 - asyncio - DEBUG - Using selector: EpollSelector
2024-09-07 00:52:59,730 - asyncio - DEBUG - Using selector: EpollSelector
2024-09-07 00:53:18,374 - pteryx.cli - INFO - Namespace(outdir=PosixPath('outputs'), targets=['skesa'], threads=16, ilmn=['tests/fixtures/mesoplasma/mesoplasma_simulated.1.paired.fq.gz'], ont=[], canu_correct=False, size='5M', dry_run=True, batch=False, query=False, s3=False, force=False)
2024-09-07 00:53:18,374 - root - DEBUG - tests/fixtures/mesoplasma/mesoplasma_simulated.1.paired.fq.gz exists, copying it over to expected location
2024-09-07 00:53:18,578 - pteryx.cli - INFO - Namespace(outdir=PosixPath('outputs'), targets=['skesa'], threads=16, ilmn=['tests/fixtures/mesoplasma/mesoplasma_simulated.1.paired.fq.gz'], ont=[], canu_correct=False, size='5M', dry_run=True, batch=False, query=False, s3=False, force=False)
2024-09-07 00:53:18,970 - asyncio - DEBUG - Using selector: EpollSelector
2024-09-07 00:53:18,979 - asyncio - DEBUG - Using selector: EpollSelector
2024-09-07 00:53:29,518 - pteryx.cli - INFO - Namespace(outdir=PosixPath('outputs'), targets=['skesa'], threads=16, ilmn=['tests/fixtures/mesoplasma/mesoplasma_simulated.1.paired.fq.gz'], ont=[], canu_correct=False, size='5M', dry_run=True, batch=False, query=False, s3=False, force=False)
2024-09-07 00:53:29,518 - root - DEBUG - tests/fixtures/mesoplasma/mesoplasma_simulated.1.paired.fq.gz exists, copying it over to expected location
2024-09-07 00:53:29,725 - pteryx.cli - INFO - Namespace(outdir=PosixPath('outputs'), targets=['skesa'], threads=16, ilmn=['tests/fixtures/mesoplasma/mesoplasma_simulated.1.paired.fq.gz'], ont=[], canu_correct=False, size='5M', dry_run=True, batch=False, query=False, s3=False, force=False)
2024-09-07 00:53:30,137 - asyncio - DEBUG - Using selector: EpollSelector
2024-09-07 00:53:30,146 - asyncio - DEBUG - Using selector: EpollSelector
2024-09-07 00:53:32,095 - asyncio - DEBUG - Using selector: EpollSelector
2024-09-07 00:53:34,980 - asyncio - DEBUG - Using selector: EpollSelector
2024-09-07 00:53:48,630 - asyncio - DEBUG - Using selector: EpollSelector
2024-09-07 00:56:04,640 - pteryx.cli - INFO - Namespace(outdir=PosixPath('outputs'), targets=['skesa'], threads=16, ilmn=['tests/fixtures/mesoplasma/mesoplasma_simulated.1.paired.fq.gz'], ont=[], canu_correct=False, size='5M', dry_run=True, batch=False, query=False, s3=False, force=False)
2024-09-07 00:56:04,640 - root - DEBUG - tests/fixtures/mesoplasma/mesoplasma_simulated.1.paired.fq.gz exists, copying it over to expected location
2024-09-07 00:56:04,879 - pteryx.cli - INFO - Namespace(outdir=PosixPath('outputs'), targets=['skesa'], threads=16, ilmn=['tests/fixtures/mesoplasma/mesoplasma_simulated.1.paired.fq.gz'], ont=[], canu_correct=False, size='5M', dry_run=True, batch=False, query=False, s3=False, force=False)
2024-09-07 00:56:05,282 - asyncio - DEBUG - Using selector: EpollSelector
2024-09-07 00:56:05,290 - asyncio - DEBUG - Using selector: EpollSelector
2024-09-07 00:56:06,763 - asyncio - DEBUG - Using selector: EpollSelector
2024-09-07 00:56:23,830 - pteryx.cli - INFO - Namespace(outdir=PosixPath('outputs'), targets=['skesa'], threads=16, ilmn=['tests/fixtures/mesoplasma/mesoplasma_simulated.1.paired.fq.gz'], ont=[], canu_correct=False, size='5M', dry_run=True, batch=False, query=False, s3=False, force=False)
2024-09-07 00:56:23,830 - root - DEBUG - tests/fixtures/mesoplasma/mesoplasma_simulated.1.paired.fq.gz exists, copying it over to expected location
2024-09-07 00:56:24,033 - pteryx.cli - INFO - Namespace(outdir=PosixPath('outputs'), targets=['skesa'], threads=16, ilmn=['tests/fixtures/mesoplasma/mesoplasma_simulated.1.paired.fq.gz'], ont=[], canu_correct=False, size='5M', dry_run=True, batch=False, query=False, s3=False, force=False)
2024-09-07 00:56:24,038 - snakemake.logging - DEBUG - Full Traceback (most recent call last):
  File "/usr/src/pteryx/pteryx/run.py", line 391, in run_workflow
    resource_settings=ResourceSettings(
                      ^^^^^^^^^^^^^^^^
NameError: name 'ResourceSettings' is not defined. Did you mean: 'ResourceWarning'?

2024-09-07 00:56:24,043 - snakemake.logging - ERROR - Traceback (most recent call last):

  File "/usr/src/pteryx/pteryx/run.py", line 391, in run_workflow
    resource_settings=ResourceSettings(
                      ^^^^^^^^^^^^^^^^

NameError: name 'ResourceSettings' is not defined. Did you mean: 'ResourceWarning'?

2024-09-07 00:57:21,565 - pteryx.cli - INFO - Namespace(outdir=PosixPath('outputs'), targets=['skesa'], threads=16, ilmn=['tests/fixtures/mesoplasma/mesoplasma_simulated.1.paired.fq.gz'], ont=[], canu_correct=False, size='5M', dry_run=True, batch=False, query=False, s3=False, force=False)
2024-09-07 00:57:21,565 - root - DEBUG - tests/fixtures/mesoplasma/mesoplasma_simulated.1.paired.fq.gz exists, copying it over to expected location
2024-09-07 00:57:21,771 - pteryx.cli - INFO - Namespace(outdir=PosixPath('outputs'), targets=['skesa'], threads=16, ilmn=['tests/fixtures/mesoplasma/mesoplasma_simulated.1.paired.fq.gz'], ont=[], canu_correct=False, size='5M', dry_run=True, batch=False, query=False, s3=False, force=False)
2024-09-07 00:57:21,784 - smart_open.smart_open_lib - DEBUG - {'uri': '/usr/src/pteryx/pteryx/Snakefile', 'mode': 'rb', 'buffering': -1, 'encoding': None, 'errors': None, 'newline': None, 'closefd': True, 'opener': None, 'compression': 'infer_from_extension', 'transport_params': None}
2024-09-07 00:57:21,785 - smart_open.smart_open_lib - DEBUG - {'uri': PosixPath('/root/.cache/snakemake/snakemake/source-cache/runtime-cache/tmp8duyrzmu/file/usr/src/pteryx/pteryx/Snakefile'), 'mode': 'r', 'buffering': -1, 'encoding': 'utf-8', 'errors': None, 'newline': None, 'closefd': True, 'opener': None, 'compression': 'infer_from_extension', 'transport_params': None}
2024-09-07 00:57:21,785 - smart_open.smart_open_lib - DEBUG - encoding_wrapper: {'fileobj': <_io.BufferedReader name='/root/.cache/snakemake/snakemake/source-cache/runtime-cache/tmp8duyrzmu/file/usr/src/pteryx/pteryx/Snakefile'>, 'mode': 'r', 'encoding': 'utf-8', 'errors': None, 'newline': None}
2024-09-07 00:57:21,789 - snakemake.logging - DEBUG - Full Traceback (most recent call last):
  File "/usr/src/pteryx/pteryx/run.py", line 401, in run_workflow
    dag = workflow.dag()
          ^^^^^^^^^^^^^^
  File "/opt/venv/lib/python3.12/site-packages/snakemake/api.py", line 336, in dag
    return DAGApi(
           ^^^^^^^
  File "<string>", line 6, in __init__
  File "/opt/venv/lib/python3.12/site-packages/snakemake/api.py", line 440, in __post_init__
    self.workflow_api._workflow.dag_settings = self.dag_settings
    ^^^^^^^^^^^^^^^^^^^^^^^^^^^
  File "/opt/venv/lib/python3.12/site-packages/snakemake/api.py", line 388, in _workflow
    workflow.include(
  File "/opt/venv/lib/python3.12/site-packages/snakemake/workflow.py", line 1456, in include
    exec(compile(code, snakefile.get_path_or_uri(), "exec"), self.globals)
  File "/usr/src/pteryx/pteryx/Snakefile", line 3, in <module>
    from ginkgo_common.utils import upload_s3_asset
ModuleNotFoundError: No module named 'ginkgo_common'

2024-09-07 00:57:21,790 - snakemake.logging - ERROR - ModuleNotFoundError in file /usr/src/pteryx/pteryx/Snakefile, line 3:
No module named 'ginkgo_common'
  File "/usr/src/pteryx/pteryx/Snakefile", line 3, in <module>
2024-09-07 00:57:40,897 - pteryx.cli - INFO - Namespace(outdir=PosixPath('outputs'), targets=['skesa'], threads=16, ilmn=['tests/fixtures/mesoplasma/mesoplasma_simulated.1.paired.fq.gz'], ont=[], canu_correct=False, size='5M', dry_run=True, batch=False, query=False, s3=False, force=False)
2024-09-07 00:57:40,897 - root - DEBUG - tests/fixtures/mesoplasma/mesoplasma_simulated.1.paired.fq.gz exists, copying it over to expected location
2024-09-07 00:57:41,102 - pteryx.cli - INFO - Namespace(outdir=PosixPath('outputs'), targets=['skesa'], threads=16, ilmn=['tests/fixtures/mesoplasma/mesoplasma_simulated.1.paired.fq.gz'], ont=[], canu_correct=False, size='5M', dry_run=True, batch=False, query=False, s3=False, force=False)
2024-09-07 00:57:41,113 - smart_open.smart_open_lib - DEBUG - {'uri': '/usr/src/pteryx/pteryx/Snakefile', 'mode': 'rb', 'buffering': -1, 'encoding': None, 'errors': None, 'newline': None, 'closefd': True, 'opener': None, 'compression': 'infer_from_extension', 'transport_params': None}
2024-09-07 00:57:41,114 - smart_open.smart_open_lib - DEBUG - {'uri': PosixPath('/root/.cache/snakemake/snakemake/source-cache/runtime-cache/tmpy1gkx_ie/file/usr/src/pteryx/pteryx/Snakefile'), 'mode': 'r', 'buffering': -1, 'encoding': 'utf-8', 'errors': None, 'newline': None, 'closefd': True, 'opener': None, 'compression': 'infer_from_extension', 'transport_params': None}
2024-09-07 00:57:41,114 - smart_open.smart_open_lib - DEBUG - encoding_wrapper: {'fileobj': <_io.BufferedReader name='/root/.cache/snakemake/snakemake/source-cache/runtime-cache/tmpy1gkx_ie/file/usr/src/pteryx/pteryx/Snakefile'>, 'mode': 'r', 'encoding': 'utf-8', 'errors': None, 'newline': None}
2024-09-07 00:57:41,118 - snakemake.logging - DEBUG - Full Traceback (most recent call last):
  File "/usr/src/pteryx/pteryx/run.py", line 401, in run_workflow
    dag = workflow.dag()
          ^^^^^^^^^^^^^^
  File "/opt/venv/lib/python3.12/site-packages/snakemake/api.py", line 336, in dag
    return DAGApi(
           ^^^^^^^
  File "<string>", line 6, in __init__
  File "/opt/venv/lib/python3.12/site-packages/snakemake/api.py", line 440, in __post_init__
    self.workflow_api._workflow.dag_settings = self.dag_settings
    ^^^^^^^^^^^^^^^^^^^^^^^^^^^
  File "/opt/venv/lib/python3.12/site-packages/snakemake/api.py", line 388, in _workflow
    workflow.include(
  File "/opt/venv/lib/python3.12/site-packages/snakemake/workflow.py", line 1456, in include
    exec(compile(code, snakefile.get_path_or_uri(), "exec"), self.globals)
  File "/usr/src/pteryx/pteryx/Snakefile", line 10, in <module>
    outdir = config['outdir']
             ~~~~~~^^^^^^^^^^^
KeyError: 'outdir'

2024-09-07 00:57:41,119 - snakemake.logging - ERROR - KeyError in file /usr/src/pteryx/pteryx/Snakefile, line 10:
'outdir'
  File "/usr/src/pteryx/pteryx/Snakefile", line 10, in <module>
2024-09-07 01:02:07,347 - pteryx.cli - INFO - Namespace(outdir=PosixPath('outputs'), targets=['skesa'], threads=16, ilmn=['tests/fixtures/mesoplasma/mesoplasma_simulated.1.paired.fq.gz'], ont=[], canu_correct=False, size='5M', dry_run=True, batch=False, query=False, s3=False, force=False)
2024-09-07 01:02:07,348 - root - DEBUG - tests/fixtures/mesoplasma/mesoplasma_simulated.1.paired.fq.gz exists, copying it over to expected location
2024-09-07 01:02:07,654 - snakemake.logging - DEBUG - Full Traceback (most recent call last):
  File "/usr/src/pteryx/pteryx/run.py", line 408, in run_workflow
    dag_settings=DAGSettings(
                 ^^^^^^^^^^^
NameError: name 'DAGSettings' is not defined

2024-09-07 01:02:07,658 - snakemake.logging - ERROR - Traceback (most recent call last):

  File "/usr/src/pteryx/pteryx/run.py", line 408, in run_workflow
    dag_settings=DAGSettings(
                 ^^^^^^^^^^^

NameError: name 'DAGSettings' is not defined

2024-09-07 01:02:22,131 - pteryx.cli - INFO - Namespace(outdir=PosixPath('outputs'), targets=['skesa'], threads=16, ilmn=['tests/fixtures/mesoplasma/mesoplasma_simulated.1.paired.fq.gz'], ont=[], canu_correct=False, size='5M', dry_run=True, batch=False, query=False, s3=False, force=False)
2024-09-07 01:02:22,131 - root - DEBUG - tests/fixtures/mesoplasma/mesoplasma_simulated.1.paired.fq.gz exists, copying it over to expected location
2024-09-07 01:02:22,374 - smart_open.smart_open_lib - DEBUG - {'uri': '/usr/src/pteryx/pteryx/Snakefile', 'mode': 'rb', 'buffering': -1, 'encoding': None, 'errors': None, 'newline': None, 'closefd': True, 'opener': None, 'compression': 'infer_from_extension', 'transport_params': None}
2024-09-07 01:02:22,374 - smart_open.smart_open_lib - DEBUG - {'uri': PosixPath('/root/.cache/snakemake/snakemake/source-cache/runtime-cache/tmp1funupt2/file/usr/src/pteryx/pteryx/Snakefile'), 'mode': 'r', 'buffering': -1, 'encoding': 'utf-8', 'errors': None, 'newline': None, 'closefd': True, 'opener': None, 'compression': 'infer_from_extension', 'transport_params': None}
2024-09-07 01:02:22,375 - smart_open.smart_open_lib - DEBUG - encoding_wrapper: {'fileobj': <_io.BufferedReader name='/root/.cache/snakemake/snakemake/source-cache/runtime-cache/tmp1funupt2/file/usr/src/pteryx/pteryx/Snakefile'>, 'mode': 'r', 'encoding': 'utf-8', 'errors': None, 'newline': None}
2024-09-07 01:02:22,378 - smart_open.smart_open_lib - DEBUG - {'uri': '/usr/src/pteryx/pteryx/rules/read_processing/illumina.smk', 'mode': 'rb', 'buffering': -1, 'encoding': None, 'errors': None, 'newline': None, 'closefd': True, 'opener': None, 'compression': 'infer_from_extension', 'transport_params': None}
2024-09-07 01:02:22,379 - smart_open.smart_open_lib - DEBUG - {'uri': PosixPath('/root/.cache/snakemake/snakemake/source-cache/runtime-cache/tmp1funupt2/file/usr/src/pteryx/pteryx/rules/read_processing/illumina.smk'), 'mode': 'r', 'buffering': -1, 'encoding': 'utf-8', 'errors': None, 'newline': None, 'closefd': True, 'opener': None, 'compression': 'infer_from_extension', 'transport_params': None}
2024-09-07 01:02:22,379 - smart_open.smart_open_lib - DEBUG - encoding_wrapper: {'fileobj': <_io.BufferedReader name='/root/.cache/snakemake/snakemake/source-cache/runtime-cache/tmp1funupt2/file/usr/src/pteryx/pteryx/rules/read_processing/illumina.smk'>, 'mode': 'r', 'encoding': 'utf-8', 'errors': None, 'newline': None}
2024-09-07 01:02:22,385 - snakemake.logging - DEBUG - Full Traceback (most recent call last):
  File "/usr/src/pteryx/pteryx/run.py", line 408, in run_workflow
    dag = workflow.dag(
          ^^^^^^^^^^^^^
  File "/opt/venv/lib/python3.12/site-packages/snakemake/api.py", line 336, in dag
    return DAGApi(
           ^^^^^^^
  File "<string>", line 6, in __init__
  File "/opt/venv/lib/python3.12/site-packages/snakemake/api.py", line 440, in __post_init__
    self.workflow_api._workflow.dag_settings = self.dag_settings
    ^^^^^^^^^^^^^^^^^^^^^^^^^^^
  File "/opt/venv/lib/python3.12/site-packages/snakemake/api.py", line 388, in _workflow
    workflow.include(
  File "/opt/venv/lib/python3.12/site-packages/snakemake/workflow.py", line 1456, in include
    exec(compile(code, snakefile.get_path_or_uri(), "exec"), self.globals)
  File "/usr/src/pteryx/pteryx/Snakefile", line 18, in <module>
    include: 'rules/read_processing/illumina.smk'
  File "/opt/venv/lib/python3.12/site-packages/snakemake/workflow.py", line 1456, in include
    exec(compile(code, snakefile.get_path_or_uri(), "exec"), self.globals)
  File "/usr/src/pteryx/pteryx/rules/read_processing/illumina.smk", line 4, in <module>
    from ginkgo_common.utils import run_executable
ModuleNotFoundError: No module named 'ginkgo_common'

2024-09-07 01:02:22,387 - snakemake.logging - ERROR - ModuleNotFoundError in file /usr/src/pteryx/pteryx/rules/read_processing/illumina.smk, line 4:
No module named 'ginkgo_common'
  File "/usr/src/pteryx/pteryx/rules/read_processing/illumina.smk", line 4, in <module>
2024-09-07 01:03:21,787 - pteryx.cli - INFO - Namespace(outdir=PosixPath('outputs'), targets=['skesa'], threads=16, ilmn=['tests/fixtures/mesoplasma/mesoplasma_simulated.1.paired.fq.gz'], ont=[], canu_correct=False, size='5M', dry_run=True, batch=False, query=False, s3=False, force=False)
2024-09-07 01:03:21,787 - root - DEBUG - tests/fixtures/mesoplasma/mesoplasma_simulated.1.paired.fq.gz exists, copying it over to expected location
2024-09-07 01:03:22,003 - smart_open.smart_open_lib - DEBUG - {'uri': '/usr/src/pteryx/pteryx/Snakefile', 'mode': 'rb', 'buffering': -1, 'encoding': None, 'errors': None, 'newline': None, 'closefd': True, 'opener': None, 'compression': 'infer_from_extension', 'transport_params': None}
2024-09-07 01:03:22,004 - smart_open.smart_open_lib - DEBUG - {'uri': PosixPath('/root/.cache/snakemake/snakemake/source-cache/runtime-cache/tmpx1_r_wsn/file/usr/src/pteryx/pteryx/Snakefile'), 'mode': 'r', 'buffering': -1, 'encoding': 'utf-8', 'errors': None, 'newline': None, 'closefd': True, 'opener': None, 'compression': 'infer_from_extension', 'transport_params': None}
2024-09-07 01:03:22,004 - smart_open.smart_open_lib - DEBUG - encoding_wrapper: {'fileobj': <_io.BufferedReader name='/root/.cache/snakemake/snakemake/source-cache/runtime-cache/tmpx1_r_wsn/file/usr/src/pteryx/pteryx/Snakefile'>, 'mode': 'r', 'encoding': 'utf-8', 'errors': None, 'newline': None}
2024-09-07 01:03:22,008 - smart_open.smart_open_lib - DEBUG - {'uri': '/usr/src/pteryx/pteryx/rules/read_processing/illumina.smk', 'mode': 'rb', 'buffering': -1, 'encoding': None, 'errors': None, 'newline': None, 'closefd': True, 'opener': None, 'compression': 'infer_from_extension', 'transport_params': None}
2024-09-07 01:03:22,008 - smart_open.smart_open_lib - DEBUG - {'uri': PosixPath('/root/.cache/snakemake/snakemake/source-cache/runtime-cache/tmpx1_r_wsn/file/usr/src/pteryx/pteryx/rules/read_processing/illumina.smk'), 'mode': 'r', 'buffering': -1, 'encoding': 'utf-8', 'errors': None, 'newline': None, 'closefd': True, 'opener': None, 'compression': 'infer_from_extension', 'transport_params': None}
2024-09-07 01:03:22,008 - smart_open.smart_open_lib - DEBUG - encoding_wrapper: {'fileobj': <_io.BufferedReader name='/root/.cache/snakemake/snakemake/source-cache/runtime-cache/tmpx1_r_wsn/file/usr/src/pteryx/pteryx/rules/read_processing/illumina.smk'>, 'mode': 'r', 'encoding': 'utf-8', 'errors': None, 'newline': None}
2024-09-07 01:03:22,015 - smart_open.smart_open_lib - DEBUG - {'uri': '/usr/src/pteryx/pteryx/rules/assembly/spades.smk', 'mode': 'rb', 'buffering': -1, 'encoding': None, 'errors': None, 'newline': None, 'closefd': True, 'opener': None, 'compression': 'infer_from_extension', 'transport_params': None}
2024-09-07 01:03:22,015 - smart_open.smart_open_lib - DEBUG - {'uri': PosixPath('/root/.cache/snakemake/snakemake/source-cache/runtime-cache/tmpx1_r_wsn/file/usr/src/pteryx/pteryx/rules/assembly/spades.smk'), 'mode': 'r', 'buffering': -1, 'encoding': 'utf-8', 'errors': None, 'newline': None, 'closefd': True, 'opener': None, 'compression': 'infer_from_extension', 'transport_params': None}
2024-09-07 01:03:22,016 - smart_open.smart_open_lib - DEBUG - encoding_wrapper: {'fileobj': <_io.BufferedReader name='/root/.cache/snakemake/snakemake/source-cache/runtime-cache/tmpx1_r_wsn/file/usr/src/pteryx/pteryx/rules/assembly/spades.smk'>, 'mode': 'r', 'encoding': 'utf-8', 'errors': None, 'newline': None}
2024-09-07 01:03:22,020 - snakemake.logging - DEBUG - Full Traceback (most recent call last):
  File "/usr/src/pteryx/pteryx/run.py", line 408, in run_workflow
    dag = workflow.dag(
          ^^^^^^^^^^^^^
  File "/opt/venv/lib/python3.12/site-packages/snakemake/api.py", line 336, in dag
    return DAGApi(
           ^^^^^^^
  File "<string>", line 6, in __init__
  File "/opt/venv/lib/python3.12/site-packages/snakemake/api.py", line 440, in __post_init__
    self.workflow_api._workflow.dag_settings = self.dag_settings
    ^^^^^^^^^^^^^^^^^^^^^^^^^^^
  File "/opt/venv/lib/python3.12/site-packages/snakemake/api.py", line 388, in _workflow
    workflow.include(
  File "/opt/venv/lib/python3.12/site-packages/snakemake/workflow.py", line 1456, in include
    exec(compile(code, snakefile.get_path_or_uri(), "exec"), self.globals)
  File "/usr/src/pteryx/pteryx/Snakefile", line 21, in <module>
    targets.add(rules.process_illumina.output)
  File "/opt/venv/lib/python3.12/site-packages/snakemake/workflow.py", line 1456, in include
    exec(compile(code, snakefile.get_path_or_uri(), "exec"), self.globals)
  File "/usr/src/pteryx/pteryx/rules/assembly/spades.smk", line 2, in <module>
    from ginkgo_common.utils import run_executable
ModuleNotFoundError: No module named 'ginkgo_common'

2024-09-07 01:03:22,021 - snakemake.logging - ERROR - ModuleNotFoundError in file /usr/src/pteryx/pteryx/rules/assembly/spades.smk, line 2:
No module named 'ginkgo_common'
  File "/usr/src/pteryx/pteryx/rules/assembly/spades.smk", line 2, in <module>
2024-09-07 01:04:44,130 - pteryx.cli - INFO - Namespace(outdir=PosixPath('outputs'), targets=['skesa'], threads=16, ilmn=['tests/fixtures/mesoplasma/mesoplasma_simulated.1.paired.fq.gz'], ont=[], canu_correct=False, size='5M', dry_run=True, batch=False, query=False, s3=False, force=False)
2024-09-07 01:04:44,130 - root - DEBUG - tests/fixtures/mesoplasma/mesoplasma_simulated.1.paired.fq.gz exists, copying it over to expected location
2024-09-07 01:04:44,356 - smart_open.smart_open_lib - DEBUG - {'uri': '/usr/src/pteryx/pteryx/Snakefile', 'mode': 'rb', 'buffering': -1, 'encoding': None, 'errors': None, 'newline': None, 'closefd': True, 'opener': None, 'compression': 'infer_from_extension', 'transport_params': None}
2024-09-07 01:04:44,357 - smart_open.smart_open_lib - DEBUG - {'uri': PosixPath('/root/.cache/snakemake/snakemake/source-cache/runtime-cache/tmpn1wxm9cm/file/usr/src/pteryx/pteryx/Snakefile'), 'mode': 'r', 'buffering': -1, 'encoding': 'utf-8', 'errors': None, 'newline': None, 'closefd': True, 'opener': None, 'compression': 'infer_from_extension', 'transport_params': None}
2024-09-07 01:04:44,357 - smart_open.smart_open_lib - DEBUG - encoding_wrapper: {'fileobj': <_io.BufferedReader name='/root/.cache/snakemake/snakemake/source-cache/runtime-cache/tmpn1wxm9cm/file/usr/src/pteryx/pteryx/Snakefile'>, 'mode': 'r', 'encoding': 'utf-8', 'errors': None, 'newline': None}
2024-09-07 01:04:44,360 - smart_open.smart_open_lib - DEBUG - {'uri': '/usr/src/pteryx/pteryx/rules/read_processing/illumina.smk', 'mode': 'rb', 'buffering': -1, 'encoding': None, 'errors': None, 'newline': None, 'closefd': True, 'opener': None, 'compression': 'infer_from_extension', 'transport_params': None}
2024-09-07 01:04:44,361 - smart_open.smart_open_lib - DEBUG - {'uri': PosixPath('/root/.cache/snakemake/snakemake/source-cache/runtime-cache/tmpn1wxm9cm/file/usr/src/pteryx/pteryx/rules/read_processing/illumina.smk'), 'mode': 'r', 'buffering': -1, 'encoding': 'utf-8', 'errors': None, 'newline': None, 'closefd': True, 'opener': None, 'compression': 'infer_from_extension', 'transport_params': None}
2024-09-07 01:04:44,361 - smart_open.smart_open_lib - DEBUG - encoding_wrapper: {'fileobj': <_io.BufferedReader name='/root/.cache/snakemake/snakemake/source-cache/runtime-cache/tmpn1wxm9cm/file/usr/src/pteryx/pteryx/rules/read_processing/illumina.smk'>, 'mode': 'r', 'encoding': 'utf-8', 'errors': None, 'newline': None}
2024-09-07 01:04:44,367 - smart_open.smart_open_lib - DEBUG - {'uri': '/usr/src/pteryx/pteryx/rules/assembly/skesa.smk', 'mode': 'rb', 'buffering': -1, 'encoding': None, 'errors': None, 'newline': None, 'closefd': True, 'opener': None, 'compression': 'infer_from_extension', 'transport_params': None}
2024-09-07 01:04:44,368 - smart_open.smart_open_lib - DEBUG - {'uri': PosixPath('/root/.cache/snakemake/snakemake/source-cache/runtime-cache/tmpn1wxm9cm/file/usr/src/pteryx/pteryx/rules/assembly/skesa.smk'), 'mode': 'r', 'buffering': -1, 'encoding': 'utf-8', 'errors': None, 'newline': None, 'closefd': True, 'opener': None, 'compression': 'infer_from_extension', 'transport_params': None}
2024-09-07 01:04:44,368 - smart_open.smart_open_lib - DEBUG - encoding_wrapper: {'fileobj': <_io.BufferedReader name='/root/.cache/snakemake/snakemake/source-cache/runtime-cache/tmpn1wxm9cm/file/usr/src/pteryx/pteryx/rules/assembly/skesa.smk'>, 'mode': 'r', 'encoding': 'utf-8', 'errors': None, 'newline': None}
2024-09-07 01:04:44,370 - snakemake.logging - DEBUG - Full Traceback (most recent call last):
  File "/usr/src/pteryx/pteryx/run.py", line 408, in run_workflow
    dag = workflow.dag(
          ^^^^^^^^^^^^^
  File "/opt/venv/lib/python3.12/site-packages/snakemake/api.py", line 336, in dag
    return DAGApi(
           ^^^^^^^
  File "<string>", line 6, in __init__
  File "/opt/venv/lib/python3.12/site-packages/snakemake/api.py", line 440, in __post_init__
    self.workflow_api._workflow.dag_settings = self.dag_settings
    ^^^^^^^^^^^^^^^^^^^^^^^^^^^
  File "/opt/venv/lib/python3.12/site-packages/snakemake/api.py", line 388, in _workflow
    workflow.include(
  File "/opt/venv/lib/python3.12/site-packages/snakemake/workflow.py", line 1456, in include
    exec(compile(code, snakefile.get_path_or_uri(), "exec"), self.globals)
  File "/usr/src/pteryx/pteryx/Snakefile", line 22, in <module>
    targets.add(rules.skesa.output)
  File "/opt/venv/lib/python3.12/site-packages/snakemake/workflow.py", line 1456, in include
    exec(compile(code, snakefile.get_path_or_uri(), "exec"), self.globals)
  File "/usr/src/pteryx/pteryx/rules/assembly/skesa.smk", line 2, in <module>
    from ginkgo_common.utils import run_executable
ModuleNotFoundError: No module named 'ginkgo_common'

2024-09-07 01:04:44,371 - snakemake.logging - ERROR - ModuleNotFoundError in file /usr/src/pteryx/pteryx/rules/assembly/skesa.smk, line 2:
No module named 'ginkgo_common'
  File "/usr/src/pteryx/pteryx/rules/assembly/skesa.smk", line 2, in <module>
2024-09-07 01:05:05,213 - pteryx.cli - INFO - Namespace(outdir=PosixPath('outputs'), targets=['skesa'], threads=16, ilmn=['tests/fixtures/mesoplasma/mesoplasma_simulated.1.paired.fq.gz'], ont=[], canu_correct=False, size='5M', dry_run=True, batch=False, query=False, s3=False, force=False)
2024-09-07 01:05:05,213 - root - DEBUG - tests/fixtures/mesoplasma/mesoplasma_simulated.1.paired.fq.gz exists, copying it over to expected location
2024-09-07 01:05:05,438 - smart_open.smart_open_lib - DEBUG - {'uri': '/usr/src/pteryx/pteryx/Snakefile', 'mode': 'rb', 'buffering': -1, 'encoding': None, 'errors': None, 'newline': None, 'closefd': True, 'opener': None, 'compression': 'infer_from_extension', 'transport_params': None}
2024-09-07 01:05:05,439 - smart_open.smart_open_lib - DEBUG - {'uri': PosixPath('/root/.cache/snakemake/snakemake/source-cache/runtime-cache/tmpvq25j9jv/file/usr/src/pteryx/pteryx/Snakefile'), 'mode': 'r', 'buffering': -1, 'encoding': 'utf-8', 'errors': None, 'newline': None, 'closefd': True, 'opener': None, 'compression': 'infer_from_extension', 'transport_params': None}
2024-09-07 01:05:05,439 - smart_open.smart_open_lib - DEBUG - encoding_wrapper: {'fileobj': <_io.BufferedReader name='/root/.cache/snakemake/snakemake/source-cache/runtime-cache/tmpvq25j9jv/file/usr/src/pteryx/pteryx/Snakefile'>, 'mode': 'r', 'encoding': 'utf-8', 'errors': None, 'newline': None}
2024-09-07 01:05:05,443 - smart_open.smart_open_lib - DEBUG - {'uri': '/usr/src/pteryx/pteryx/rules/read_processing/illumina.smk', 'mode': 'rb', 'buffering': -1, 'encoding': None, 'errors': None, 'newline': None, 'closefd': True, 'opener': None, 'compression': 'infer_from_extension', 'transport_params': None}
2024-09-07 01:05:05,443 - smart_open.smart_open_lib - DEBUG - {'uri': PosixPath('/root/.cache/snakemake/snakemake/source-cache/runtime-cache/tmpvq25j9jv/file/usr/src/pteryx/pteryx/rules/read_processing/illumina.smk'), 'mode': 'r', 'buffering': -1, 'encoding': 'utf-8', 'errors': None, 'newline': None, 'closefd': True, 'opener': None, 'compression': 'infer_from_extension', 'transport_params': None}
2024-09-07 01:05:05,444 - smart_open.smart_open_lib - DEBUG - encoding_wrapper: {'fileobj': <_io.BufferedReader name='/root/.cache/snakemake/snakemake/source-cache/runtime-cache/tmpvq25j9jv/file/usr/src/pteryx/pteryx/rules/read_processing/illumina.smk'>, 'mode': 'r', 'encoding': 'utf-8', 'errors': None, 'newline': None}
2024-09-07 01:05:05,450 - smart_open.smart_open_lib - DEBUG - {'uri': '/usr/src/pteryx/pteryx/rules/assembly/skesa.smk', 'mode': 'rb', 'buffering': -1, 'encoding': None, 'errors': None, 'newline': None, 'closefd': True, 'opener': None, 'compression': 'infer_from_extension', 'transport_params': None}
2024-09-07 01:05:05,451 - smart_open.smart_open_lib - DEBUG - {'uri': PosixPath('/root/.cache/snakemake/snakemake/source-cache/runtime-cache/tmpvq25j9jv/file/usr/src/pteryx/pteryx/rules/assembly/skesa.smk'), 'mode': 'r', 'buffering': -1, 'encoding': 'utf-8', 'errors': None, 'newline': None, 'closefd': True, 'opener': None, 'compression': 'infer_from_extension', 'transport_params': None}
2024-09-07 01:05:05,451 - smart_open.smart_open_lib - DEBUG - encoding_wrapper: {'fileobj': <_io.BufferedReader name='/root/.cache/snakemake/snakemake/source-cache/runtime-cache/tmpvq25j9jv/file/usr/src/pteryx/pteryx/rules/assembly/skesa.smk'>, 'mode': 'r', 'encoding': 'utf-8', 'errors': None, 'newline': None}
2024-09-07 01:05:05,452 - snakemake.logging - DEBUG - Full Traceback (most recent call last):
  File "/usr/src/pteryx/pteryx/run.py", line 414, in run_workflow
    execution_settings=ExecutionSettings(
                       ^^^^^^^^^^^^^^^^^^
TypeError: ExecutionSettings.__init__() got an unexpected keyword argument 'dryrun'

2024-09-07 01:05:05,453 - snakemake.logging - ERROR - Traceback (most recent call last):

  File "/usr/src/pteryx/pteryx/run.py", line 414, in run_workflow
    execution_settings=ExecutionSettings(
                       ^^^^^^^^^^^^^^^^^^

TypeError: ExecutionSettings.__init__() got an unexpected keyword argument 'dryrun'

2024-09-07 01:05:48,766 - pteryx.cli - INFO - Namespace(outdir=PosixPath('outputs'), targets=['skesa'], threads=16, ilmn=['tests/fixtures/mesoplasma/mesoplasma_simulated.1.paired.fq.gz'], ont=[], canu_correct=False, size='5M', dry_run=True, batch=False, query=False, s3=False, force=False)
2024-09-07 01:05:48,766 - root - DEBUG - tests/fixtures/mesoplasma/mesoplasma_simulated.1.paired.fq.gz exists, copying it over to expected location
2024-09-07 01:05:49,013 - smart_open.smart_open_lib - DEBUG - {'uri': '/usr/src/pteryx/pteryx/Snakefile', 'mode': 'rb', 'buffering': -1, 'encoding': None, 'errors': None, 'newline': None, 'closefd': True, 'opener': None, 'compression': 'infer_from_extension', 'transport_params': None}
2024-09-07 01:05:49,013 - smart_open.smart_open_lib - DEBUG - {'uri': PosixPath('/root/.cache/snakemake/snakemake/source-cache/runtime-cache/tmpiaqpwqsn/file/usr/src/pteryx/pteryx/Snakefile'), 'mode': 'r', 'buffering': -1, 'encoding': 'utf-8', 'errors': None, 'newline': None, 'closefd': True, 'opener': None, 'compression': 'infer_from_extension', 'transport_params': None}
2024-09-07 01:05:49,013 - smart_open.smart_open_lib - DEBUG - encoding_wrapper: {'fileobj': <_io.BufferedReader name='/root/.cache/snakemake/snakemake/source-cache/runtime-cache/tmpiaqpwqsn/file/usr/src/pteryx/pteryx/Snakefile'>, 'mode': 'r', 'encoding': 'utf-8', 'errors': None, 'newline': None}
2024-09-07 01:05:49,017 - smart_open.smart_open_lib - DEBUG - {'uri': '/usr/src/pteryx/pteryx/rules/read_processing/illumina.smk', 'mode': 'rb', 'buffering': -1, 'encoding': None, 'errors': None, 'newline': None, 'closefd': True, 'opener': None, 'compression': 'infer_from_extension', 'transport_params': None}
2024-09-07 01:05:49,018 - smart_open.smart_open_lib - DEBUG - {'uri': PosixPath('/root/.cache/snakemake/snakemake/source-cache/runtime-cache/tmpiaqpwqsn/file/usr/src/pteryx/pteryx/rules/read_processing/illumina.smk'), 'mode': 'r', 'buffering': -1, 'encoding': 'utf-8', 'errors': None, 'newline': None, 'closefd': True, 'opener': None, 'compression': 'infer_from_extension', 'transport_params': None}
2024-09-07 01:05:49,018 - smart_open.smart_open_lib - DEBUG - encoding_wrapper: {'fileobj': <_io.BufferedReader name='/root/.cache/snakemake/snakemake/source-cache/runtime-cache/tmpiaqpwqsn/file/usr/src/pteryx/pteryx/rules/read_processing/illumina.smk'>, 'mode': 'r', 'encoding': 'utf-8', 'errors': None, 'newline': None}
2024-09-07 01:05:49,024 - smart_open.smart_open_lib - DEBUG - {'uri': '/usr/src/pteryx/pteryx/rules/assembly/skesa.smk', 'mode': 'rb', 'buffering': -1, 'encoding': None, 'errors': None, 'newline': None, 'closefd': True, 'opener': None, 'compression': 'infer_from_extension', 'transport_params': None}
2024-09-07 01:05:49,025 - smart_open.smart_open_lib - DEBUG - {'uri': PosixPath('/root/.cache/snakemake/snakemake/source-cache/runtime-cache/tmpiaqpwqsn/file/usr/src/pteryx/pteryx/rules/assembly/skesa.smk'), 'mode': 'r', 'buffering': -1, 'encoding': 'utf-8', 'errors': None, 'newline': None, 'closefd': True, 'opener': None, 'compression': 'infer_from_extension', 'transport_params': None}
2024-09-07 01:05:49,025 - smart_open.smart_open_lib - DEBUG - encoding_wrapper: {'fileobj': <_io.BufferedReader name='/root/.cache/snakemake/snakemake/source-cache/runtime-cache/tmpiaqpwqsn/file/usr/src/pteryx/pteryx/rules/assembly/skesa.smk'>, 'mode': 'r', 'encoding': 'utf-8', 'errors': None, 'newline': None}
2024-09-07 01:05:49,026 - snakemake.logging - DEBUG - Full Traceback (most recent call last):
  File "/usr/src/pteryx/pteryx/run.py", line 414, in run_workflow
    execution_settings=ExecutionSettings(
                       ^^^^^^^^^^^^^^^^^^
TypeError: ExecutionSettings.__init__() got an unexpected keyword argument 'dry_run'

2024-09-07 01:05:49,027 - snakemake.logging - ERROR - Traceback (most recent call last):

  File "/usr/src/pteryx/pteryx/run.py", line 414, in run_workflow
    execution_settings=ExecutionSettings(
                       ^^^^^^^^^^^^^^^^^^

TypeError: ExecutionSettings.__init__() got an unexpected keyword argument 'dry_run'

2024-09-07 01:07:03,971 - pteryx.cli - INFO - Namespace(outdir=PosixPath('outputs'), targets=['skesa'], threads=16, ilmn=['tests/fixtures/mesoplasma/mesoplasma_simulated.1.paired.fq.gz'], ont=[], canu_correct=False, size='5M', dry_run=True, batch=False, query=False, s3=False, force=False)
2024-09-07 01:07:03,972 - root - DEBUG - tests/fixtures/mesoplasma/mesoplasma_simulated.1.paired.fq.gz exists, copying it over to expected location
2024-09-07 01:07:04,239 - snakemake.logging - DEBUG - Full Traceback (most recent call last):
  File "/usr/src/pteryx/pteryx/run.py", line 409, in run_workflow
    dag_settings=DAGSettings(
                 ^^^^^^^^^^^^
TypeError: DAGSettings.__init__() got an unexpected keyword argument 'dryrun'

2024-09-07 01:07:04,240 - snakemake.logging - ERROR - Traceback (most recent call last):

  File "/usr/src/pteryx/pteryx/run.py", line 409, in run_workflow
    dag_settings=DAGSettings(
                 ^^^^^^^^^^^^

TypeError: DAGSettings.__init__() got an unexpected keyword argument 'dryrun'

2024-09-07 01:11:06,374 - pteryx.cli - INFO - Namespace(outdir=PosixPath('outputs'), targets=['skesa'], threads=16, ilmn=['tests/fixtures/mesoplasma/mesoplasma_simulated.1.paired.fq.gz'], ont=[], canu_correct=False, size='5M', dry_run=True, batch=False, query=False, s3=False, force=False)
2024-09-07 01:11:06,375 - root - DEBUG - tests/fixtures/mesoplasma/mesoplasma_simulated.1.paired.fq.gz exists, copying it over to expected location
2024-09-07 01:11:07,000 - asyncio - DEBUG - Using selector: EpollSelector
2024-09-07 01:11:07,008 - asyncio - DEBUG - Using selector: EpollSelector
2024-09-07 01:11:10,233 - asyncio - DEBUG - Using selector: EpollSelector
2024-09-07 01:11:21,115 - asyncio - DEBUG - Using selector: EpollSelector
2024-09-07 01:12:23,991 - asyncio - DEBUG - Using selector: EpollSelector
2024-09-07 01:12:39,214 - asyncio - DEBUG - Using selector: EpollSelector
2024-09-07 01:12:48,274 - asyncio - DEBUG - Using selector: EpollSelector
2024-09-07 01:13:06,497 - asyncio - DEBUG - Using selector: EpollSelector
2024-09-07 01:13:09,535 - asyncio - DEBUG - Using selector: EpollSelector
2024-09-07 01:13:10,961 - asyncio - DEBUG - Using selector: EpollSelector
2024-09-07 01:13:44,836 - asyncio - DEBUG - Using selector: EpollSelector
2024-09-07 01:13:51,120 - asyncio - DEBUG - Using selector: EpollSelector
2024-09-07 01:13:54,201 - asyncio - DEBUG - Using selector: EpollSelector
2024-09-07 01:14:24,131 - snakemake.logging - DEBUG - Full Traceback (most recent call last):
  File "/usr/src/pteryx/pteryx/run.py", line 409, in run_workflow
    dag_settings=DAGSettings(
      ^^^^^^^^
  File "/usr/lib/python3.12/bdb.py", line 90, in trace_dispatch
    return self.dispatch_line(frame)
           ^^^^^^^^^^^^^^^^^^^^^^^^^
  File "/usr/lib/python3.12/bdb.py", line 115, in dispatch_line
    if self.quitting: raise BdbQuit
                      ^^^^^^^^^^^^^
bdb.BdbQuit

2024-09-07 01:14:24,131 - snakemake.logging - ERROR - Traceback (most recent call last):

  File "/usr/src/pteryx/pteryx/run.py", line 409, in run_workflow
    dag_settings=DAGSettings(
      ^^^^^^^^

  File "/usr/lib/python3.12/bdb.py", line 90, in trace_dispatch
    return self.dispatch_line(frame)
           ^^^^^^^^^^^^^^^^^^^^^^^^^

  File "/usr/lib/python3.12/bdb.py", line 115, in dispatch_line
    if self.quitting: raise BdbQuit
                      ^^^^^^^^^^^^^

bdb.BdbQuit

2024-09-07 01:14:35,361 - pteryx.cli - INFO - Namespace(outdir=PosixPath('outputs'), targets=['skesa'], threads=16, ilmn=['tests/fixtures/mesoplasma/mesoplasma_simulated.1.paired.fq.gz'], ont=[], canu_correct=False, size='5M', dry_run=True, batch=False, query=False, s3=False, force=False)
2024-09-07 01:14:35,361 - root - DEBUG - tests/fixtures/mesoplasma/mesoplasma_simulated.1.paired.fq.gz exists, copying it over to expected location
2024-09-07 01:14:35,620 - smart_open.smart_open_lib - DEBUG - {'uri': '/usr/src/pteryx/pteryx/Snakefile', 'mode': 'rb', 'buffering': -1, 'encoding': None, 'errors': None, 'newline': None, 'closefd': True, 'opener': None, 'compression': 'infer_from_extension', 'transport_params': None}
2024-09-07 01:14:35,621 - smart_open.smart_open_lib - DEBUG - {'uri': PosixPath('/root/.cache/snakemake/snakemake/source-cache/runtime-cache/tmptqz3y41r/file/usr/src/pteryx/pteryx/Snakefile'), 'mode': 'r', 'buffering': -1, 'encoding': 'utf-8', 'errors': None, 'newline': None, 'closefd': True, 'opener': None, 'compression': 'infer_from_extension', 'transport_params': None}
2024-09-07 01:14:35,621 - smart_open.smart_open_lib - DEBUG - encoding_wrapper: {'fileobj': <_io.BufferedReader name='/root/.cache/snakemake/snakemake/source-cache/runtime-cache/tmptqz3y41r/file/usr/src/pteryx/pteryx/Snakefile'>, 'mode': 'r', 'encoding': 'utf-8', 'errors': None, 'newline': None}
2024-09-07 01:14:35,625 - smart_open.smart_open_lib - DEBUG - {'uri': '/usr/src/pteryx/pteryx/rules/read_processing/illumina.smk', 'mode': 'rb', 'buffering': -1, 'encoding': None, 'errors': None, 'newline': None, 'closefd': True, 'opener': None, 'compression': 'infer_from_extension', 'transport_params': None}
2024-09-07 01:14:35,625 - smart_open.smart_open_lib - DEBUG - {'uri': PosixPath('/root/.cache/snakemake/snakemake/source-cache/runtime-cache/tmptqz3y41r/file/usr/src/pteryx/pteryx/rules/read_processing/illumina.smk'), 'mode': 'r', 'buffering': -1, 'encoding': 'utf-8', 'errors': None, 'newline': None, 'closefd': True, 'opener': None, 'compression': 'infer_from_extension', 'transport_params': None}
2024-09-07 01:14:35,625 - smart_open.smart_open_lib - DEBUG - encoding_wrapper: {'fileobj': <_io.BufferedReader name='/root/.cache/snakemake/snakemake/source-cache/runtime-cache/tmptqz3y41r/file/usr/src/pteryx/pteryx/rules/read_processing/illumina.smk'>, 'mode': 'r', 'encoding': 'utf-8', 'errors': None, 'newline': None}
2024-09-07 01:14:35,632 - smart_open.smart_open_lib - DEBUG - {'uri': '/usr/src/pteryx/pteryx/rules/assembly/skesa.smk', 'mode': 'rb', 'buffering': -1, 'encoding': None, 'errors': None, 'newline': None, 'closefd': True, 'opener': None, 'compression': 'infer_from_extension', 'transport_params': None}
2024-09-07 01:14:35,632 - smart_open.smart_open_lib - DEBUG - {'uri': PosixPath('/root/.cache/snakemake/snakemake/source-cache/runtime-cache/tmptqz3y41r/file/usr/src/pteryx/pteryx/rules/assembly/skesa.smk'), 'mode': 'r', 'buffering': -1, 'encoding': 'utf-8', 'errors': None, 'newline': None, 'closefd': True, 'opener': None, 'compression': 'infer_from_extension', 'transport_params': None}
2024-09-07 01:14:35,633 - smart_open.smart_open_lib - DEBUG - encoding_wrapper: {'fileobj': <_io.BufferedReader name='/root/.cache/snakemake/snakemake/source-cache/runtime-cache/tmptqz3y41r/file/usr/src/pteryx/pteryx/rules/assembly/skesa.smk'>, 'mode': 'r', 'encoding': 'utf-8', 'errors': None, 'newline': None}
2024-09-07 01:14:35,637 - snakemake.logging - WARNING - Assuming unrestricted shared filesystem usage.
2024-09-07 01:14:35,638 - snakemake.logging - INFO - host: 9e306bf7a962
2024-09-07 01:14:35,641 - snakemake.logging - WARNING - Building DAG of jobs...
2024-09-07 01:14:35,641 - asyncio - DEBUG - Using selector: EpollSelector
2024-09-07 01:14:35,646 - asyncio - DEBUG - Using selector: EpollSelector
2024-09-07 01:14:35,647 - asyncio - DEBUG - Using selector: EpollSelector
2024-09-07 01:14:35,647 - snakemake.logging - DEBUG - shared_storage_local_copies: True
2024-09-07 01:14:35,647 - snakemake.logging - DEBUG - remote_exec: False
2024-09-07 01:14:35,647 - asyncio - DEBUG - Using selector: EpollSelector
2024-09-07 01:14:35,664 - snakemake.logging - WARNING - Using shell: /usr/bin/bash
2024-09-07 01:14:35,664 - snakemake.logging - WARNING - Provided cores: 16
2024-09-07 01:14:35,664 - snakemake.logging - WARNING - Rules claiming more threads will be scaled down.
2024-09-07 01:14:35,669 - snakemake.logging - WARNING - Job stats:
job                 count
----------------  -------
concat_ilmn             1
dedupe                  1
fastp                   1
normalize               1
process_illumina        1
repair                  1
skesa                   1
total                   7

2024-09-07 01:14:35,669 - asyncio - DEBUG - Using selector: EpollSelector
2024-09-07 01:14:35,670 - snakemake.logging - DEBUG - Resources before job selection: {'_cores': 16, '_nodes': 9223372036854775807, '_job_count': 9223372036854775807}
2024-09-07 01:14:35,670 - snakemake.logging - DEBUG - Ready jobs (1)
2024-09-07 01:14:35,670 - snakemake.logging - WARNING - Select jobs to execute...
2024-09-07 01:14:35,670 - snakemake.logging - DEBUG - Selecting jobs to run using ILP solver.
2024-09-07 01:14:35,670 - snakemake.logging - DEBUG - Switching to greedy selector because only one job has to be scheduled.
2024-09-07 01:14:35,670 - snakemake.logging - DEBUG - Selecting jobs to run using greedy solver.
2024-09-07 01:14:35,672 - asyncio - DEBUG - Using selector: EpollSelector
2024-09-07 01:14:35,672 - snakemake.logging - DEBUG - Selected jobs (1)
2024-09-07 01:14:35,672 - snakemake.logging - DEBUG - Resources after job selection: {'_cores': 15, '_nodes': 9223372036854775806, '_job_count': 9223372036854775807}
2024-09-07 01:14:35,672 - snakemake.logging - WARNING - Execute 1 jobs...
2024-09-07 01:14:35,673 - snakemake.logging - INFO - 
2024-09-07 01:14:35,673 - snakemake.logging - INFO - [Sat Sep  7 01:14:35 2024]
2024-09-07 01:14:35,673 - snakemake.logging - INFO - localrule concat_ilmn:
    output: outputs/illumina/concat_reads/1.fq.gz, outputs/illumina/concat_reads/2.fq.gz
    jobid: 6
    reason: Missing output files: outputs/illumina/concat_reads/2.fq.gz, outputs/illumina/concat_reads/1.fq.gz
    resources: tmpdir=/tmp
2024-09-07 01:14:35,673 - snakemake.logging - INFO - 
2024-09-07 01:14:35,674 - snakemake.logging - DEBUG - General args: ['--force', '--target-files-omit-workdir-adjustment', '--keep-storage-local-copies', '--max-inventory-time 0', '--nocolor', '--notemp', '--no-hooks', '--nolock', '--ignore-incomplete', '', '--verbose ', '--rerun-triggers mtime params input code software-env', '', '', '', '--conda-frontend mamba', '', '', '', '', '', '--shared-fs-usage source-cache sources persistence input-output software-deployment storage-local-copies', '', '', '', '', '', '--config "ilmn=[\'tests/fixtures/mesoplasma/mesoplasma_simulated.1.paired.fq.gz\']" \'ont=[]\' "outdir=PosixPath(\'outputs\')" \'canu_correct=False\' "size=\'5M\'"', '--printshellcmds ', '', '--latency-wait 3', '--scheduler ilp', '--local-storage-prefix .snakemake/storage', '--scheduler-solver-path /opt/venv/bin', '', '', '', '', '', '--default-resources base64//dG1wZGlyPXN5c3RlbV90bXBkaXI=']
2024-09-07 01:14:35,674 - snakemake.logging - DEBUG - spawned job: cd /usr/src/pteryx && /opt/venv/bin/python3 -m snakemake --snakefile /usr/src/pteryx/pteryx/Snakefile --target-jobs 'concat_ilmn:' --allowed-rules 'concat_ilmn' --cores 16 --attempt 1 --force-use-threads  --force --target-files-omit-workdir-adjustment --keep-storage-local-copies --max-inventory-time 0 --nocolor --notemp --no-hooks --nolock --ignore-incomplete --verbose  --rerun-triggers mtime params input code software-env --conda-frontend mamba --shared-fs-usage source-cache sources persistence input-output software-deployment storage-local-copies --config "ilmn=['tests/fixtures/mesoplasma/mesoplasma_simulated.1.paired.fq.gz']" 'ont=[]' "outdir=PosixPath('outputs')" 'canu_correct=False' "size='5M'" --printshellcmds  --latency-wait 3 --scheduler ilp --local-storage-prefix .snakemake/storage --scheduler-solver-path /opt/venv/bin --default-resources base64//dG1wZGlyPXN5c3RlbV90bXBkaXI= --quiet progress rules --mode subprocess --local-groupid local
2024-09-07 01:14:36,707 - snakemake.logging - INFO - [Sat Sep  7 01:14:36 2024]
2024-09-07 01:14:36,708 - snakemake.logging - ERROR - Error in rule concat_ilmn:
    jobid: 6
    output: outputs/illumina/concat_reads/1.fq.gz, outputs/illumina/concat_reads/2.fq.gz

2024-09-07 01:14:36,708 - asyncio - DEBUG - Using selector: EpollSelector
2024-09-07 01:14:36,708 - asyncio - DEBUG - Using selector: EpollSelector
2024-09-07 01:14:36,709 - snakemake.logging - ERROR - Exiting because a job execution failed. Look above for error message
2024-09-07 01:14:36,709 - asyncio - DEBUG - Using selector: EpollSelector
2024-09-07 01:14:36,709 - asyncio - DEBUG - Using selector: EpollSelector
2024-09-07 01:14:36,710 - snakemake.logging - WARNING - Complete log: .snakemake/log/2024-09-07T011435.638221.snakemake.log
2024-09-07 01:14:36,710 - snakemake.logging - DEBUG - unlocking
2024-09-07 01:14:36,710 - snakemake.logging - DEBUG - removing lock
2024-09-07 01:14:36,710 - snakemake.logging - DEBUG - removing lock
2024-09-07 01:14:36,710 - snakemake.logging - DEBUG - removed all locks
2024-09-07 01:14:36,712 - snakemake.logging - DEBUG - Full Traceback (most recent call last):
  File "/usr/src/pteryx/pteryx/run.py", line 413, in run_workflow
    dag.execute_workflow(
  File "/opt/venv/lib/python3.12/site-packages/snakemake/api.py", line 596, in execute_workflow
    workflow.execute(
  File "/opt/venv/lib/python3.12/site-packages/snakemake/workflow.py", line 1340, in execute
    raise WorkflowError("At least one job did not complete successfully.")
snakemake_interface_common.exceptions.WorkflowError: At least one job did not complete successfully.

2024-09-07 01:14:36,714 - snakemake.logging - ERROR - WorkflowError:
At least one job did not complete successfully.
2024-09-07 01:15:19,394 - pteryx.cli - INFO - Namespace(outdir=PosixPath('outputs'), targets=['concat_ilmn'], threads=16, ilmn=['tests/fixtures/mesoplasma/mesoplasma_simulated.1.paired.fq.gz'], ont=[], canu_correct=False, size='5M', dry_run=True, batch=False, query=False, s3=False, force=False)
2024-09-07 01:15:19,395 - root - DEBUG - tests/fixtures/mesoplasma/mesoplasma_simulated.1.paired.fq.gz exists, copying it over to expected location
2024-09-07 01:15:19,649 - smart_open.smart_open_lib - DEBUG - {'uri': '/usr/src/pteryx/pteryx/Snakefile', 'mode': 'rb', 'buffering': -1, 'encoding': None, 'errors': None, 'newline': None, 'closefd': True, 'opener': None, 'compression': 'infer_from_extension', 'transport_params': None}
2024-09-07 01:15:19,650 - smart_open.smart_open_lib - DEBUG - {'uri': PosixPath('/root/.cache/snakemake/snakemake/source-cache/runtime-cache/tmppgh_rv53/file/usr/src/pteryx/pteryx/Snakefile'), 'mode': 'r', 'buffering': -1, 'encoding': 'utf-8', 'errors': None, 'newline': None, 'closefd': True, 'opener': None, 'compression': 'infer_from_extension', 'transport_params': None}
2024-09-07 01:15:19,650 - smart_open.smart_open_lib - DEBUG - encoding_wrapper: {'fileobj': <_io.BufferedReader name='/root/.cache/snakemake/snakemake/source-cache/runtime-cache/tmppgh_rv53/file/usr/src/pteryx/pteryx/Snakefile'>, 'mode': 'r', 'encoding': 'utf-8', 'errors': None, 'newline': None}
2024-09-07 01:15:19,653 - smart_open.smart_open_lib - DEBUG - {'uri': '/usr/src/pteryx/pteryx/rules/read_processing/illumina.smk', 'mode': 'rb', 'buffering': -1, 'encoding': None, 'errors': None, 'newline': None, 'closefd': True, 'opener': None, 'compression': 'infer_from_extension', 'transport_params': None}
2024-09-07 01:15:19,654 - smart_open.smart_open_lib - DEBUG - {'uri': PosixPath('/root/.cache/snakemake/snakemake/source-cache/runtime-cache/tmppgh_rv53/file/usr/src/pteryx/pteryx/rules/read_processing/illumina.smk'), 'mode': 'r', 'buffering': -1, 'encoding': 'utf-8', 'errors': None, 'newline': None, 'closefd': True, 'opener': None, 'compression': 'infer_from_extension', 'transport_params': None}
2024-09-07 01:15:19,654 - smart_open.smart_open_lib - DEBUG - encoding_wrapper: {'fileobj': <_io.BufferedReader name='/root/.cache/snakemake/snakemake/source-cache/runtime-cache/tmppgh_rv53/file/usr/src/pteryx/pteryx/rules/read_processing/illumina.smk'>, 'mode': 'r', 'encoding': 'utf-8', 'errors': None, 'newline': None}
2024-09-07 01:15:19,661 - smart_open.smart_open_lib - DEBUG - {'uri': '/usr/src/pteryx/pteryx/rules/assembly/skesa.smk', 'mode': 'rb', 'buffering': -1, 'encoding': None, 'errors': None, 'newline': None, 'closefd': True, 'opener': None, 'compression': 'infer_from_extension', 'transport_params': None}
2024-09-07 01:15:19,661 - smart_open.smart_open_lib - DEBUG - {'uri': PosixPath('/root/.cache/snakemake/snakemake/source-cache/runtime-cache/tmppgh_rv53/file/usr/src/pteryx/pteryx/rules/assembly/skesa.smk'), 'mode': 'r', 'buffering': -1, 'encoding': 'utf-8', 'errors': None, 'newline': None, 'closefd': True, 'opener': None, 'compression': 'infer_from_extension', 'transport_params': None}
2024-09-07 01:15:19,661 - smart_open.smart_open_lib - DEBUG - encoding_wrapper: {'fileobj': <_io.BufferedReader name='/root/.cache/snakemake/snakemake/source-cache/runtime-cache/tmppgh_rv53/file/usr/src/pteryx/pteryx/rules/assembly/skesa.smk'>, 'mode': 'r', 'encoding': 'utf-8', 'errors': None, 'newline': None}
2024-09-07 01:15:19,666 - snakemake.logging - WARNING - Assuming unrestricted shared filesystem usage.
2024-09-07 01:15:19,667 - snakemake.logging - INFO - host: 9e306bf7a962
2024-09-07 01:15:19,670 - snakemake.logging - WARNING - Building DAG of jobs...
2024-09-07 01:15:19,670 - asyncio - DEBUG - Using selector: EpollSelector
2024-09-07 01:15:19,672 - asyncio - DEBUG - Using selector: EpollSelector
2024-09-07 01:15:19,673 - asyncio - DEBUG - Using selector: EpollSelector
2024-09-07 01:15:19,673 - snakemake.logging - DEBUG - shared_storage_local_copies: True
2024-09-07 01:15:19,673 - snakemake.logging - DEBUG - remote_exec: False
2024-09-07 01:15:19,674 - asyncio - DEBUG - Using selector: EpollSelector
2024-09-07 01:15:19,690 - snakemake.logging - WARNING - Using shell: /usr/bin/bash
2024-09-07 01:15:19,690 - snakemake.logging - WARNING - Provided cores: 16
2024-09-07 01:15:19,691 - snakemake.logging - WARNING - Rules claiming more threads will be scaled down.
2024-09-07 01:15:19,695 - snakemake.logging - WARNING - Job stats:
job            count
-----------  -------
concat_ilmn        1
total              1

2024-09-07 01:15:19,695 - asyncio - DEBUG - Using selector: EpollSelector
2024-09-07 01:15:19,695 - snakemake.logging - DEBUG - Resources before job selection: {'_cores': 16, '_nodes': 9223372036854775807, '_job_count': 9223372036854775807}
2024-09-07 01:15:19,696 - snakemake.logging - DEBUG - Ready jobs (1)
2024-09-07 01:15:19,696 - snakemake.logging - WARNING - Select jobs to execute...
2024-09-07 01:15:19,696 - snakemake.logging - DEBUG - Selecting jobs to run using ILP solver.
2024-09-07 01:15:19,696 - snakemake.logging - DEBUG - Switching to greedy selector because only one job has to be scheduled.
2024-09-07 01:15:19,696 - snakemake.logging - DEBUG - Selecting jobs to run using greedy solver.
2024-09-07 01:15:19,698 - asyncio - DEBUG - Using selector: EpollSelector
2024-09-07 01:15:19,698 - snakemake.logging - DEBUG - Selected jobs (1)
2024-09-07 01:15:19,698 - snakemake.logging - DEBUG - Resources after job selection: {'_cores': 15, '_nodes': 9223372036854775806, '_job_count': 9223372036854775807}
2024-09-07 01:15:19,698 - snakemake.logging - WARNING - Execute 1 jobs...
2024-09-07 01:15:19,698 - snakemake.logging - INFO - 
2024-09-07 01:15:19,699 - snakemake.logging - INFO - [Sat Sep  7 01:15:19 2024]
2024-09-07 01:15:19,699 - snakemake.logging - INFO - localrule concat_ilmn:
    output: outputs/illumina/concat_reads/1.fq.gz, outputs/illumina/concat_reads/2.fq.gz
    jobid: 0
    reason: Missing output files: outputs/illumina/concat_reads/2.fq.gz, outputs/illumina/concat_reads/1.fq.gz
    resources: tmpdir=/tmp
2024-09-07 01:15:19,699 - snakemake.logging - INFO - 
2024-09-07 01:15:19,700 - snakemake.logging - DEBUG - General args: ['--force', '--target-files-omit-workdir-adjustment', '--keep-storage-local-copies', '--max-inventory-time 0', '--nocolor', '--notemp', '--no-hooks', '--nolock', '--ignore-incomplete', '', '--verbose ', '--rerun-triggers mtime software-env input params code', '', '', '', '--conda-frontend mamba', '', '', '', '', '', '--shared-fs-usage input-output persistence software-deployment storage-local-copies source-cache sources', '', '', '', '', '', '--config "ilmn=[\'tests/fixtures/mesoplasma/mesoplasma_simulated.1.paired.fq.gz\']" \'ont=[]\' "outdir=PosixPath(\'outputs\')" \'canu_correct=False\' "size=\'5M\'"', '--printshellcmds ', '', '--latency-wait 3', '--scheduler ilp', '--local-storage-prefix .snakemake/storage', '--scheduler-solver-path /opt/venv/bin', '', '', '', '', '', '--default-resources base64//dG1wZGlyPXN5c3RlbV90bXBkaXI=']
2024-09-07 01:15:19,700 - snakemake.logging - DEBUG - spawned job: cd /usr/src/pteryx && /opt/venv/bin/python3 -m snakemake --snakefile /usr/src/pteryx/pteryx/Snakefile --target-jobs 'concat_ilmn:' --allowed-rules 'concat_ilmn' --cores 16 --attempt 1 --force-use-threads  --force --target-files-omit-workdir-adjustment --keep-storage-local-copies --max-inventory-time 0 --nocolor --notemp --no-hooks --nolock --ignore-incomplete --verbose  --rerun-triggers mtime software-env input params code --conda-frontend mamba --shared-fs-usage input-output persistence software-deployment storage-local-copies source-cache sources --config "ilmn=['tests/fixtures/mesoplasma/mesoplasma_simulated.1.paired.fq.gz']" 'ont=[]' "outdir=PosixPath('outputs')" 'canu_correct=False' "size='5M'" --printshellcmds  --latency-wait 3 --scheduler ilp --local-storage-prefix .snakemake/storage --scheduler-solver-path /opt/venv/bin --default-resources base64//dG1wZGlyPXN5c3RlbV90bXBkaXI= --quiet progress rules --mode subprocess --local-groupid local
2024-09-07 01:15:20,770 - snakemake.logging - INFO - [Sat Sep  7 01:15:20 2024]
2024-09-07 01:15:20,770 - snakemake.logging - ERROR - Error in rule concat_ilmn:
    jobid: 0
    output: outputs/illumina/concat_reads/1.fq.gz, outputs/illumina/concat_reads/2.fq.gz

2024-09-07 01:15:20,771 - asyncio - DEBUG - Using selector: EpollSelector
2024-09-07 01:15:20,771 - asyncio - DEBUG - Using selector: EpollSelector
2024-09-07 01:15:20,772 - snakemake.logging - ERROR - Exiting because a job execution failed. Look above for error message
2024-09-07 01:15:20,772 - asyncio - DEBUG - Using selector: EpollSelector
2024-09-07 01:15:20,772 - asyncio - DEBUG - Using selector: EpollSelector
2024-09-07 01:15:20,772 - snakemake.logging - WARNING - Complete log: .snakemake/log/2024-09-07T011519.667172.snakemake.log
2024-09-07 01:15:20,772 - snakemake.logging - DEBUG - unlocking
2024-09-07 01:15:20,773 - snakemake.logging - DEBUG - removing lock
2024-09-07 01:15:20,773 - snakemake.logging - DEBUG - removing lock
2024-09-07 01:15:20,773 - snakemake.logging - DEBUG - removed all locks
2024-09-07 01:15:20,774 - snakemake.logging - DEBUG - Full Traceback (most recent call last):
  File "/usr/src/pteryx/pteryx/run.py", line 413, in run_workflow
    dag.execute_workflow(
  File "/opt/venv/lib/python3.12/site-packages/snakemake/api.py", line 596, in execute_workflow
    workflow.execute(
  File "/opt/venv/lib/python3.12/site-packages/snakemake/workflow.py", line 1340, in execute
    raise WorkflowError("At least one job did not complete successfully.")
snakemake_interface_common.exceptions.WorkflowError: At least one job did not complete successfully.

2024-09-07 01:15:20,776 - snakemake.logging - ERROR - WorkflowError:
At least one job did not complete successfully.
2024-09-07 01:16:35,568 - pteryx.cli - INFO - Namespace(outdir=PosixPath('outputs'), targets=['concat_ilmn'], threads=16, ilmn=['tests/fixtures/mesoplasma/mesoplasma_simulated.1.paired.fq.gz'], ont=[], canu_correct=False, size='5M', dry_run=True, batch=False, query=False, s3=False, force=False)
2024-09-07 01:16:35,826 - snakemake.logging - WARNING - Assuming unrestricted shared filesystem usage.
2024-09-07 01:16:35,826 - snakemake.logging - INFO - host: 9e306bf7a962
2024-09-07 01:16:35,829 - snakemake.logging - WARNING - Building DAG of jobs...
2024-09-07 01:16:35,849 - snakemake.logging - WARNING - Using shell: /usr/bin/bash
2024-09-07 01:16:35,849 - snakemake.logging - WARNING - Provided cores: 16
2024-09-07 01:16:35,849 - snakemake.logging - WARNING - Rules claiming more threads will be scaled down.
2024-09-07 01:16:35,853 - snakemake.logging - WARNING - Job stats:
job            count
-----------  -------
concat_ilmn        1
total              1

2024-09-07 01:16:35,854 - snakemake.logging - WARNING - Select jobs to execute...
2024-09-07 01:16:35,856 - snakemake.logging - WARNING - Execute 1 jobs...
2024-09-07 01:16:35,856 - snakemake.logging - INFO - 
2024-09-07 01:16:35,857 - snakemake.logging - INFO - [Sat Sep  7 01:16:35 2024]
2024-09-07 01:16:35,857 - snakemake.logging - INFO - localrule concat_ilmn:
    output: outputs/illumina/concat_reads/1.fq.gz, outputs/illumina/concat_reads/2.fq.gz
    jobid: 0
    reason: Missing output files: outputs/illumina/concat_reads/1.fq.gz, outputs/illumina/concat_reads/2.fq.gz
    resources: tmpdir=/tmp
2024-09-07 01:16:35,857 - snakemake.logging - INFO - 
2024-09-07 01:16:36,883 - snakemake.logging - INFO - [Sat Sep  7 01:16:36 2024]
2024-09-07 01:16:36,883 - snakemake.logging - ERROR - Error in rule concat_ilmn:
    jobid: 0
    output: outputs/illumina/concat_reads/1.fq.gz, outputs/illumina/concat_reads/2.fq.gz

2024-09-07 01:16:36,885 - snakemake.logging - ERROR - Exiting because a job execution failed. Look above for error message
2024-09-07 01:16:36,885 - snakemake.logging - WARNING - Complete log: .snakemake/log/2024-09-07T011635.826558.snakemake.log
2024-09-07 01:16:36,889 - snakemake.logging - ERROR - WorkflowError:
At least one job did not complete successfully.
2024-09-07 01:18:00,994 - pteryx.cli - INFO - Namespace(outdir=PosixPath('outputs'), targets=['concat_ilmn'], threads=16, ilmn=['tests/fixtures/mesoplasma/mesoplasma_simulated.1.paired.fq.gz'], ont=[], canu_correct=False, size='5M', dry_run=True, batch=False, query=False, s3=False, force=False)
2024-09-07 01:18:01,277 - snakemake.logging - WARNING - Assuming unrestricted shared filesystem usage.
2024-09-07 01:18:01,277 - snakemake.logging - INFO - host: 9e306bf7a962
2024-09-07 01:18:01,280 - snakemake.logging - WARNING - Building DAG of jobs...
2024-09-07 01:18:01,299 - snakemake.logging - WARNING - Using shell: /usr/bin/bash
2024-09-07 01:18:01,299 - snakemake.logging - WARNING - Provided cores: 16
2024-09-07 01:18:01,299 - snakemake.logging - WARNING - Rules claiming more threads will be scaled down.
2024-09-07 01:18:01,303 - snakemake.logging - WARNING - Job stats:
job            count
-----------  -------
concat_ilmn        1
total              1

2024-09-07 01:18:01,304 - snakemake.logging - WARNING - Select jobs to execute...
2024-09-07 01:18:01,306 - snakemake.logging - WARNING - Execute 1 jobs...
2024-09-07 01:18:01,306 - snakemake.logging - INFO - 
2024-09-07 01:18:01,306 - snakemake.logging - INFO - [Sat Sep  7 01:18:01 2024]
2024-09-07 01:18:01,306 - snakemake.logging - INFO - localrule concat_ilmn:
    output: outputs/illumina/concat_reads/1.fq.gz, outputs/illumina/concat_reads/2.fq.gz
    jobid: 0
    reason: Missing output files: outputs/illumina/concat_reads/2.fq.gz, outputs/illumina/concat_reads/1.fq.gz
    resources: tmpdir=/tmp
2024-09-07 01:18:01,306 - snakemake.logging - INFO - 
2024-09-07 01:18:04,636 - snakemake.logging - INFO - [Sat Sep  7 01:18:04 2024]
2024-09-07 01:18:04,637 - snakemake.logging - INFO - Finished job 0.
2024-09-07 01:18:04,637 - snakemake.logging - INFO - 1 of 1 steps (100%) done
2024-09-07 01:18:04,638 - snakemake.logging - WARNING - Complete log: .snakemake/log/2024-09-07T011801.277658.snakemake.log
2024-09-07 01:18:14,689 - pteryx.cli - INFO - Namespace(outdir=PosixPath('outputs'), targets=['skesa'], threads=16, ilmn=['tests/fixtures/mesoplasma/mesoplasma_simulated.1.paired.fq.gz'], ont=[], canu_correct=False, size='5M', dry_run=True, batch=False, query=False, s3=False, force=False)
2024-09-07 01:18:14,935 - snakemake.logging - WARNING - Assuming unrestricted shared filesystem usage.
2024-09-07 01:18:14,936 - snakemake.logging - INFO - host: 9e306bf7a962
2024-09-07 01:18:14,939 - snakemake.logging - WARNING - Building DAG of jobs...
2024-09-07 01:18:14,962 - snakemake.logging - WARNING - Using shell: /usr/bin/bash
2024-09-07 01:18:14,962 - snakemake.logging - WARNING - Provided cores: 16
2024-09-07 01:18:14,962 - snakemake.logging - WARNING - Rules claiming more threads will be scaled down.
2024-09-07 01:18:14,966 - snakemake.logging - WARNING - Job stats:
job                 count
----------------  -------
dedupe                  1
fastp                   1
normalize               1
process_illumina        1
repair                  1
skesa                   1
total                   6

2024-09-07 01:18:14,967 - snakemake.logging - WARNING - Select jobs to execute...
2024-09-07 01:18:14,969 - snakemake.logging - WARNING - Execute 1 jobs...
2024-09-07 01:18:14,970 - snakemake.logging - INFO - 
2024-09-07 01:18:14,970 - snakemake.logging - INFO - [Sat Sep  7 01:18:14 2024]
2024-09-07 01:18:14,970 - snakemake.logging - INFO - localrule repair:
    input: outputs/illumina/concat_reads/1.fq.gz, outputs/illumina/concat_reads/2.fq.gz
    output: outputs/illumina/repaired_reads/1.repaired.fq.gz, outputs/illumina/repaired_reads/2.repaired.fq.gz
    jobid: 5
    reason: Missing output files: outputs/illumina/repaired_reads/1.repaired.fq.gz, outputs/illumina/repaired_reads/2.repaired.fq.gz
    resources: tmpdir=/tmp
2024-09-07 01:18:14,970 - snakemake.logging - INFO - 
2024-09-07 01:18:15,996 - snakemake.logging - INFO - [Sat Sep  7 01:18:15 2024]
2024-09-07 01:18:15,996 - snakemake.logging - ERROR - Error in rule repair:
    jobid: 5
    input: outputs/illumina/concat_reads/1.fq.gz, outputs/illumina/concat_reads/2.fq.gz
    output: outputs/illumina/repaired_reads/1.repaired.fq.gz, outputs/illumina/repaired_reads/2.repaired.fq.gz

2024-09-07 01:18:15,997 - snakemake.logging - ERROR - Exiting because a job execution failed. Look above for error message
2024-09-07 01:18:15,998 - snakemake.logging - WARNING - Complete log: .snakemake/log/2024-09-07T011814.936054.snakemake.log
2024-09-07 01:18:16,001 - snakemake.logging - ERROR - WorkflowError:
At least one job did not complete successfully.
